# JRE version: OpenJDK Runtime Environment Temurin-21.0.10+7 (21.0.10+7) (build 21.0.10+7-LTS)
# Java VM: OpenJDK 64-Bit Server VM Temurin-21.0.10+7 (21.0.10+7-LTS, mixed mode, sharing, tiered, compressed oops, compressed class ptrs, parallel gc, windows-amd64)
GC Precious Log:
 CardTable entry size: 512
 CPUs: 2 total, 2 available
 Memory: 8003M
 Large Page Support: Disabled
 NUMA Support: Disabled
 Compressed Oops: Enabled (32-bit)
 Alignments: Space 512K, Generation 512K, Heap 2M
 Heap Min Capacity: 100M
 Heap Initial Capacity: 100M
 Heap Max Capacity: 2G
 Pre-touch: Disabled
 Parallel Workers: 2
Heap:
 PSYoungGen      total 19968K, used 16911K [0x00000000d5580000, 0x00000000d6d00000, 0x0000000100000000)
  eden space 18944K, 83% used [0x00000000d5580000,0x00000000d65071c0,0x00000000d6800000)
  from space 1024K, 98% used [0x00000000d6800000,0x00000000d68fcd30,0x00000000d6900000)
  to   space 2560K, 0% used [0x00000000d6a80000,0x00000000d6a80000,0x00000000d6d00000)
 ParOldGen       total 68608K, used 43278K [0x0000000080000000, 0x0000000084300000, 0x00000000d5580000)
  object space 68608K, 63% used [0x0000000080000000,0x0000000082a438e8,0x0000000084300000)
 Metaspace       used 56004K, committed 57216K, reserved 1114112K
  class space    used 5990K, committed 6528K, reserved 1048576K
GC Heap History (20 events):
Event: 106.294 GC heap before
{Heap before GC invocations=24 (full 2):
 PSYoungGen      total 22016K, used 21888K [0x00000000d5580000, 0x00000000d6d80000, 0x0000000100000000)
  eden space 20480K, 100% used [0x00000000d5580000,0x00000000d6980000,0x00000000d6980000)
  from space 1536K, 91% used [0x00000000d6a00000,0x00000000d6b60000,0x00000000d6b80000)
  to   space 2048K, 0% used [0x00000000d6b80000,0x00000000d6b80000,0x00000000d6d80000)
 ParOldGen       total 68608K, used 31113K [0x0000000080000000, 0x0000000084300000, 0x00000000d5580000)
  object space 68608K, 45% used [0x0000000080000000,0x0000000081e62658,0x0000000084300000)
 Metaspace       used 44137K, committed 45248K, reserved 1114112K
  class space    used 4723K, committed 5184K, reserved 1048576K
}
Event: 106.307 GC heap after
{Heap after GC invocations=24 (full 2):
 PSYoungGen      total 22528K, used 1828K [0x00000000d5580000, 0x00000000d6d80000, 0x0000000100000000)
  eden space 20480K, 0% used [0x00000000d5580000,0x00000000d5580000,0x00000000d6980000)
  from space 2048K, 89% used [0x00000000d6b80000,0x00000000d6d49000,0x00000000d6d80000)
  to   space 2048K, 0% used [0x00000000d6980000,0x00000000d6980000,0x00000000d6b80000)
 ParOldGen       total 68608K, used 32405K [0x0000000080000000, 0x0000000084300000, 0x00000000d5580000)
  object space 68608K, 47% used [0x0000000080000000,0x0000000081fa5758,0x0000000084300000)
 Metaspace       used 44137K, committed 45248K, reserved 1114112K
  class space    used 4723K, committed 5184K, reserved 1048576K
}
Event: 106.668 GC heap before
{Heap before GC invocations=25 (full 2):
 PSYoungGen      total 22528K, used 22308K [0x00000000d5580000, 0x00000000d6d80000, 0x0000000100000000)
  eden space 20480K, 100% used [0x00000000d5580000,0x00000000d6980000,0x00000000d6980000)
  from space 2048K, 89% used [0x00000000d6b80000,0x00000000d6d49000,0x00000000d6d80000)
  to   space 2048K, 0% used [0x00000000d6980000,0x00000000d6980000,0x00000000d6b80000)
 ParOldGen       total 68608K, used 32405K [0x0000000080000000, 0x0000000084300000, 0x00000000d5580000)
  object space 68608K, 47% used [0x0000000080000000,0x0000000081fa5758,0x0000000084300000)
 Metaspace       used 44356K, committed 45504K, reserved 1114112K
  class space    used 4753K, committed 5248K, reserved 1048576K
}
Event: 106.683 GC heap after
{Heap after GC invocations=25 (full 2):
 PSYoungGen      total 22528K, used 2016K [0x00000000d5580000, 0x00000000d6e80000, 0x0000000100000000)
  eden space 20480K, 0% used [0x00000000d5580000,0x00000000d5580000,0x00000000d6980000)
  from space 2048K, 98% used [0x00000000d6980000,0x00000000d6b78010,0x00000000d6b80000)
  to   space 2560K, 0% used [0x00000000d6c00000,0x00000000d6c00000,0x00000000d6e80000)
 ParOldGen       total 68608K, used 34159K [0x0000000080000000, 0x0000000084300000, 0x00000000d5580000)
  object space 68608K, 49% used [0x0000000080000000,0x000000008215be70,0x0000000084300000)
 Metaspace       used 44356K, committed 45504K, reserved 1114112K
  class space    used 4753K, committed 5248K, reserved 1048576K
}
Event: 107.131 GC heap before
{Heap before GC invocations=26 (full 2):
 PSYoungGen      total 22528K, used 22496K [0x00000000d5580000, 0x00000000d6e80000, 0x0000000100000000)
  eden space 20480K, 100% used [0x00000000d5580000,0x00000000d6980000,0x00000000d6980000)
  from space 2048K, 98% used [0x00000000d6980000,0x00000000d6b78010,0x00000000d6b80000)
  to   space 2560K, 0% used [0x00000000d6c00000,0x00000000d6c00000,0x00000000d6e80000)
 ParOldGen       total 68608K, used 34159K [0x0000000080000000, 0x0000000084300000, 0x00000000d5580000)
  object space 68608K, 49% used [0x0000000080000000,0x000000008215be70,0x0000000084300000)
 Metaspace       used 44597K, committed 45760K, reserved 1114112K
  class space    used 4774K, committed 5248K, reserved 1048576K
}
Event: 107.145 GC heap after
{Heap after GC invocations=26 (full 2):
 PSYoungGen      total 22528K, used 1720K [0x00000000d5580000, 0x00000000d6e00000, 0x0000000100000000)
  eden space 20480K, 0% used [0x00000000d5580000,0x00000000d5580000,0x00000000d6980000)
  from space 2048K, 84% used [0x00000000d6c00000,0x00000000d6dae200,0x00000000d6e00000)
  to   space 2048K, 0% used [0x00000000d6980000,0x00000000d6980000,0x00000000d6b80000)
 ParOldGen       total 68608K, used 36139K [0x0000000080000000, 0x0000000084300000, 0x00000000d5580000)
  object space 68608K, 52% used [0x0000000080000000,0x000000008234ae90,0x0000000084300000)
 Metaspace       used 44597K, committed 45760K, reserved 1114112K
  class space    used 4774K, committed 5248K, reserved 1048576K
}
Event: 107.881 GC heap before
{Heap before GC invocations=27 (full 2):
 PSYoungGen      total 22528K, used 22200K [0x00000000d5580000, 0x00000000d6e00000, 0x0000000100000000)
  eden space 20480K, 100% used [0x00000000d5580000,0x00000000d6980000,0x00000000d6980000)
  from space 2048K, 84% used [0x00000000d6c00000,0x00000000d6dae200,0x00000000d6e00000)
  to   space 2048K, 0% used [0x00000000d6980000,0x00000000d6980000,0x00000000d6b80000)
 ParOldGen       total 68608K, used 36139K [0x0000000080000000, 0x0000000084300000, 0x00000000d5580000)
  object space 68608K, 52% used [0x0000000080000000,0x000000008234ae90,0x0000000084300000)
 Metaspace       used 46548K, committed 47744K, reserved 1114112K
  class space    used 4971K, committed 5440K, reserved 1048576K
}
Event: 107.895 GC heap after
{Heap after GC invocations=27 (full 2):
 PSYoungGen      total 22016K, used 1386K [0x00000000d5580000, 0x00000000d6c80000, 0x0000000100000000)
  eden space 20480K, 0% used [0x00000000d5580000,0x00000000d5580000,0x00000000d6980000)
  from space 1536K, 90% used [0x00000000d6980000,0x00000000d6ada868,0x00000000d6b00000)
  to   space 1536K, 0% used [0x00000000d6b00000,0x00000000d6b00000,0x00000000d6c80000)
 ParOldGen       total 68608K, used 37804K [0x0000000080000000, 0x0000000084300000, 0x00000000d5580000)
  object space 68608K, 55% used [0x0000000080000000,0x00000000824eb090,0x0000000084300000)
 Metaspace       used 46548K, committed 47744K, reserved 1114112K
  class space    used 4971K, committed 5440K, reserved 1048576K
}
Event: 113.766 GC heap before
{Heap before GC invocations=28 (full 2):
 PSYoungGen      total 22016K, used 21866K [0x00000000d5580000, 0x00000000d6c80000, 0x0000000100000000)
  eden space 20480K, 100% used [0x00000000d5580000,0x00000000d6980000,0x00000000d6980000)
  from space 1536K, 90% used [0x00000000d6980000,0x00000000d6ada868,0x00000000d6b00000)
  to   space 1536K, 0% used [0x00000000d6b00000,0x00000000d6b00000,0x00000000d6c80000)
 ParOldGen       total 68608K, used 37804K [0x0000000080000000, 0x0000000084300000, 0x00000000d5580000)
  object space 68608K, 55% used [0x0000000080000000,0x00000000824eb090,0x0000000084300000)
 Metaspace       used 48780K, committed 49920K, reserved 1114112K
  class space    used 5258K, committed 5760K, reserved 1048576K
}
Event: 113.776 GC heap after
{Heap after GC invocations=28 (full 2):
 PSYoungGen      total 22016K, used 1099K [0x00000000d5580000, 0x00000000d6c80000, 0x0000000100000000)
  eden space 20480K, 0% used [0x00000000d5580000,0x00000000d5580000,0x00000000d6980000)
  from space 1536K, 71% used [0x00000000d6b00000,0x00000000d6c12e68,0x00000000d6c80000)
  to   space 1536K, 0% used [0x00000000d6980000,0x00000000d6980000,0x00000000d6b00000)
 ParOldGen       total 68608K, used 39007K [0x0000000080000000, 0x0000000084300000, 0x00000000d5580000)
  object space 68608K, 56% used [0x0000000080000000,0x0000000082617d80,0x0000000084300000)
 Metaspace       used 48780K, committed 49920K, reserved 1114112K
  class space    used 5258K, committed 5760K, reserved 1048576K
}
Event: 115.468 GC heap before
{Heap before GC invocations=29 (full 2):
 PSYoungGen      total 22016K, used 21516K [0x00000000d5580000, 0x00000000d6c80000, 0x0000000100000000)
  eden space 20480K, 99% used [0x00000000d5580000,0x00000000d6970298,0x00000000d6980000)
  from space 1536K, 71% used [0x00000000d6b00000,0x00000000d6c12e68,0x00000000d6c80000)
  to   space 1536K, 0% used [0x00000000d6980000,0x00000000d6980000,0x00000000d6b00000)
 ParOldGen       total 68608K, used 39007K [0x0000000080000000, 0x0000000084300000, 0x00000000d5580000)
  object space 68608K, 56% used [0x0000000080000000,0x0000000082617d80,0x0000000084300000)
 Metaspace       used 49950K, committed 51136K, reserved 1114112K
  class space    used 5413K, committed 5888K, reserved 1048576K
}
Event: 115.477 GC heap after
{Heap after GC invocations=29 (full 2):
 PSYoungGen      total 20992K, used 480K [0x00000000d5580000, 0x00000000d6b80000, 0x0000000100000000)
  eden space 20480K, 0% used [0x00000000d5580000,0x00000000d5580000,0x00000000d6980000)
  from space 512K, 93% used [0x00000000d6980000,0x00000000d69f8000,0x00000000d6a00000)
  to   space 1024K, 0% used [0x00000000d6a80000,0x00000000d6a80000,0x00000000d6b80000)
 ParOldGen       total 68608K, used 39958K [0x0000000080000000, 0x0000000084300000, 0x00000000d5580000)
  object space 68608K, 58% used [0x0000000080000000,0x0000000082705950,0x0000000084300000)
 Metaspace       used 49950K, committed 51136K, reserved 1114112K
  class space    used 5413K, committed 5888K, reserved 1048576K
}
Event: 116.440 GC heap before
{Heap before GC invocations=30 (full 2):
 PSYoungGen      total 20992K, used 20960K [0x00000000d5580000, 0x00000000d6b80000, 0x0000000100000000)
  eden space 20480K, 100% used [0x00000000d5580000,0x00000000d6980000,0x00000000d6980000)
  from space 512K, 93% used [0x00000000d6980000,0x00000000d69f8000,0x00000000d6a00000)
  to   space 1024K, 0% used [0x00000000d6a80000,0x00000000d6a80000,0x00000000d6b80000)
 ParOldGen       total 68608K, used 39958K [0x0000000080000000, 0x0000000084300000, 0x00000000d5580000)
  object space 68608K, 58% used [0x0000000080000000,0x0000000082705950,0x0000000084300000)
 Metaspace       used 51643K, committed 52928K, reserved 1114112K
  class space    used 5595K, committed 6144K, reserved 1048576K
}
Event: 116.447 GC heap after
{Heap after GC invocations=30 (full 2):
 PSYoungGen      total 19968K, used 1005K [0x00000000d5580000, 0x00000000d6e80000, 0x0000000100000000)
  eden space 18944K, 0% used [0x00000000d5580000,0x00000000d5580000,0x00000000d6800000)
  from space 1024K, 98% used [0x00000000d6a80000,0x00000000d6b7b650,0x00000000d6b80000)
  to   space 2560K, 0% used [0x00000000d6800000,0x00000000d6800000,0x00000000d6a80000)
 ParOldGen       total 68608K, used 41007K [0x0000000080000000, 0x0000000084300000, 0x00000000d5580000)
  object space 68608K, 59% used [0x0000000080000000,0x000000008280bf10,0x0000000084300000)
 Metaspace       used 51643K, committed 52928K, reserved 1114112K
  class space    used 5595K, committed 6144K, reserved 1048576K
}
Event: 116.741 GC heap before
{Heap before GC invocations=31 (full 2):
 PSYoungGen      total 19968K, used 19864K [0x00000000d5580000, 0x00000000d6e80000, 0x0000000100000000)
  eden space 18944K, 99% used [0x00000000d5580000,0x00000000d67eab98,0x00000000d6800000)
  from space 1024K, 98% used [0x00000000d6a80000,0x00000000d6b7b650,0x00000000d6b80000)
  to   space 2560K, 0% used [0x00000000d6800000,0x00000000d6800000,0x00000000d6a80000)
 ParOldGen       total 68608K, used 41007K [0x0000000080000000, 0x0000000084300000, 0x00000000d5580000)
  object space 68608K, 59% used [0x0000000080000000,0x000000008280bf10,0x0000000084300000)
 Metaspace       used 51675K, committed 52928K, reserved 1114112K
  class space    used 5595K, committed 6144K, reserved 1048576K
}
Event: 116.746 GC heap after
{Heap after GC invocations=31 (full 2):
 PSYoungGen      total 20480K, used 1138K [0x00000000d5580000, 0x00000000d6b00000, 0x0000000100000000)
  eden space 18944K, 0% used [0x00000000d5580000,0x00000000d5580000,0x00000000d6800000)
  from space 1536K, 74% used [0x00000000d6800000,0x00000000d691ca30,0x00000000d6980000)
  to   space 1536K, 0% used [0x00000000d6980000,0x00000000d6980000,0x00000000d6b00000)
 ParOldGen       total 68608K, used 42022K [0x0000000080000000, 0x0000000084300000, 0x00000000d5580000)
  object space 68608K, 61% used [0x0000000080000000,0x00000000829099a8,0x0000000084300000)
 Metaspace       used 51675K, committed 52928K, reserved 1114112K
  class space    used 5595K, committed 6144K, reserved 1048576K
}
Event: 116.974 GC heap before
{Heap before GC invocations=32 (full 2):
 PSYoungGen      total 20480K, used 20082K [0x00000000d5580000, 0x00000000d6b00000, 0x0000000100000000)
  eden space 18944K, 100% used [0x00000000d5580000,0x00000000d6800000,0x00000000d6800000)
  from space 1536K, 74% used [0x00000000d6800000,0x00000000d691ca30,0x00000000d6980000)
  to   space 1536K, 0% used [0x00000000d6980000,0x00000000d6980000,0x00000000d6b00000)
 ParOldGen       total 68608K, used 42022K [0x0000000080000000, 0x0000000084300000, 0x00000000d5580000)
  object space 68608K, 61% used [0x0000000080000000,0x00000000829099a8,0x0000000084300000)
 Metaspace       used 52364K, committed 53632K, reserved 1114112K
  class space    used 5656K, committed 6208K, reserved 1048576K
}
Event: 116.976 GC heap after
{Heap after GC invocations=32 (full 2):
 PSYoungGen      total 19456K, used 64K [0x00000000d5580000, 0x00000000d6a00000, 0x0000000100000000)
  eden space 18944K, 0% used [0x00000000d5580000,0x00000000d5580000,0x00000000d6800000)
  from space 512K, 12% used [0x00000000d6980000,0x00000000d6990000,0x00000000d6a00000)
  to   space 1024K, 0% used [0x00000000d6800000,0x00000000d6800000,0x00000000d6900000)
 ParOldGen       total 68608K, used 42279K [0x0000000080000000, 0x0000000084300000, 0x00000000d5580000)
  object space 68608K, 61% used [0x0000000080000000,0x0000000082949d18,0x0000000084300000)
 Metaspace       used 52364K, committed 53632K, reserved 1114112K
  class space    used 5656K, committed 6208K, reserved 1048576K
}
Event: 134.907 GC heap before
{Heap before GC invocations=33 (full 2):
 PSYoungGen      total 19456K, used 19008K [0x00000000d5580000, 0x00000000d6a00000, 0x0000000100000000)
  eden space 18944K, 100% used [0x00000000d5580000,0x00000000d6800000,0x00000000d6800000)
  from space 512K, 12% used [0x00000000d6980000,0x00000000d6990000,0x00000000d6a00000)
  to   space 1024K, 0% used [0x00000000d6800000,0x00000000d6800000,0x00000000d6900000)
 ParOldGen       total 68608K, used 42279K [0x0000000080000000, 0x0000000084300000, 0x00000000d5580000)
  object space 68608K, 61% used [0x0000000080000000,0x0000000082949d18,0x0000000084300000)
 Metaspace       used 54821K, committed 56064K, reserved 1114112K
  class space    used 5864K, committed 6400K, reserved 1048576K
}
Event: 134.915 GC heap after
{Heap after GC invocations=33 (full 2):
 PSYoungGen      total 19968K, used 1011K [0x00000000d5580000, 0x00000000d6d00000, 0x0000000100000000)
  eden space 18944K, 0% used [0x00000000d5580000,0x00000000d5580000,0x00000000d6800000)
  from space 1024K, 98% used [0x00000000d6800000,0x00000000d68fcd30,0x00000000d6900000)
  to   space 2560K, 0% used [0x00000000d6a80000,0x00000000d6a80000,0x00000000d6d00000)
 ParOldGen       total 68608K, used 43278K [0x0000000080000000, 0x0000000084300000, 0x00000000d5580000)
  object space 68608K, 63% used [0x0000000080000000,0x0000000082a438e8,0x0000000084300000)
 Metaspace       used 54821K, committed 56064K, reserved 1114112K
  class space    used 5864K, committed 6400K, reserved 1048576K
}

