# JRE version: OpenJDK Runtime Environment Temurin-21.0.10+7 (21.0.10+7) (build 21.0.10+7-LTS)
# Java VM: OpenJDK 64-Bit Server VM Temurin-21.0.10+7 (21.0.10+7-LTS, mixed mode, sharing, tiered, compressed oops, compressed class ptrs, parallel gc, windows-amd64)
GC Precious Log:
 CardTable entry size: 512
 CPUs: 2 total, 2 available
 Memory: 8003M
 Large Page Support: Disabled
 NUMA Support: Disabled
 Compressed Oops: Enabled (32-bit)
 Alignments: Space 512K, Generation 512K, Heap 2M
 Heap Min Capacity: 100M
 Heap Initial Capacity: 100M
 Heap Max Capacity: 2G
 Pre-touch: Disabled
 Parallel Workers: 2
Heap:
 PSYoungGen      total 5632K, used 4593K [0x00000000d5580000, 0x00000000d5e80000, 0x0000000100000000)
  eden space 4096K, 80% used [0x00000000d5580000,0x00000000d58b8ae0,0x00000000d5980000)
  from space 1536K, 84% used [0x00000000d5d00000,0x00000000d5e43b90,0x00000000d5e80000)
  to   space 2560K, 0% used [0x00000000d5980000,0x00000000d5980000,0x00000000d5c00000)
 ParOldGen       total 190464K, used 190163K [0x0000000080000000, 0x000000008ba00000, 0x00000000d5580000)
  object space 190464K, 99% used [0x0000000080000000,0x000000008b9b4f98,0x000000008ba00000)
 Metaspace       used 83665K, committed 85312K, reserved 1179648K
  class space    used 8776K, committed 9472K, reserved 1048576K
GC Heap History (20 events):
Event: 916.655 GC heap before
{Heap before GC invocations=313 (full 4):
 PSYoungGen      total 2048K, used 1797K [0x00000000d5580000, 0x00000000d5980000, 0x0000000100000000)
  eden space 1536K, 98% used [0x00000000d5580000,0x00000000d56f9408,0x00000000d5700000)
  from space 512K, 56% used [0x00000000d5900000,0x00000000d5948000,0x00000000d5980000)
  to   space 512K, 0% used [0x00000000d5880000,0x00000000d5880000,0x00000000d5900000)
 ParOldGen       total 182784K, used 182403K [0x0000000080000000, 0x000000008b280000, 0x00000000d5580000)
  object space 182784K, 99% used [0x0000000080000000,0x000000008b220f18,0x000000008b280000)
 Metaspace       used 83645K, committed 85312K, reserved 1179648K
  class space    used 8776K, committed 9472K, reserved 1048576K
}
Event: 916.658 GC heap after
{Heap after GC invocations=313 (full 4):
 PSYoungGen      total 2048K, used 128K [0x00000000d5580000, 0x00000000d5980000, 0x0000000100000000)
  eden space 1536K, 0% used [0x00000000d5580000,0x00000000d5580000,0x00000000d5700000)
  from space 512K, 25% used [0x00000000d5880000,0x00000000d58a0010,0x00000000d5900000)
  to   space 512K, 0% used [0x00000000d5900000,0x00000000d5900000,0x00000000d5980000)
 ParOldGen       total 182784K, used 182411K [0x0000000080000000, 0x000000008b280000, 0x00000000d5580000)
  object space 182784K, 99% used [0x0000000080000000,0x000000008b222f18,0x000000008b280000)
 Metaspace       used 83645K, committed 85312K, reserved 1179648K
  class space    used 8776K, committed 9472K, reserved 1048576K
}
Event: 916.731 GC heap before
{Heap before GC invocations=314 (full 4):
 PSYoungGen      total 2048K, used 1664K [0x00000000d5580000, 0x00000000d5980000, 0x0000000100000000)
  eden space 1536K, 100% used [0x00000000d5580000,0x00000000d5700000,0x00000000d5700000)
  from space 512K, 25% used [0x00000000d5880000,0x00000000d58a0010,0x00000000d5900000)
  to   space 512K, 0% used [0x00000000d5900000,0x00000000d5900000,0x00000000d5980000)
 ParOldGen       total 182784K, used 182411K [0x0000000080000000, 0x000000008b280000, 0x00000000d5580000)
  object space 182784K, 99% used [0x0000000080000000,0x000000008b222f18,0x000000008b280000)
 Metaspace       used 83652K, committed 85312K, reserved 1179648K
  class space    used 8776K, committed 9472K, reserved 1048576K
}
Event: 916.733 GC heap after
{Heap after GC invocations=314 (full 4):
 PSYoungGen      total 2048K, used 352K [0x00000000d5580000, 0x00000000d5980000, 0x0000000100000000)
  eden space 1536K, 0% used [0x00000000d5580000,0x00000000d5580000,0x00000000d5700000)
  from space 512K, 68% used [0x00000000d5900000,0x00000000d5958020,0x00000000d5980000)
  to   space 512K, 0% used [0x00000000d5880000,0x00000000d5880000,0x00000000d5900000)
 ParOldGen       total 182784K, used 182419K [0x0000000080000000, 0x000000008b280000, 0x00000000d5580000)
  object space 182784K, 99% used [0x0000000080000000,0x000000008b224f18,0x000000008b280000)
 Metaspace       used 83652K, committed 85312K, reserved 1179648K
  class space    used 8776K, committed 9472K, reserved 1048576K
}
Event: 916.743 GC heap before
{Heap before GC invocations=315 (full 4):
 PSYoungGen      total 2048K, used 1888K [0x00000000d5580000, 0x00000000d5980000, 0x0000000100000000)
  eden space 1536K, 100% used [0x00000000d5580000,0x00000000d5700000,0x00000000d5700000)
  from space 512K, 68% used [0x00000000d5900000,0x00000000d5958020,0x00000000d5980000)
  to   space 512K, 0% used [0x00000000d5880000,0x00000000d5880000,0x00000000d5900000)
 ParOldGen       total 182784K, used 182419K [0x0000000080000000, 0x000000008b280000, 0x00000000d5580000)
  object space 182784K, 99% used [0x0000000080000000,0x000000008b224f18,0x000000008b280000)
 Metaspace       used 83652K, committed 85312K, reserved 1179648K
  class space    used 8776K, committed 9472K, reserved 1048576K
}
Event: 916.747 GC heap after
{Heap after GC invocations=315 (full 4):
 PSYoungGen      total 2048K, used 288K [0x00000000d5580000, 0x00000000d5980000, 0x0000000100000000)
  eden space 1536K, 0% used [0x00000000d5580000,0x00000000d5580000,0x00000000d5700000)
  from space 512K, 56% used [0x00000000d5880000,0x00000000d58c8000,0x00000000d5900000)
  to   space 512K, 0% used [0x00000000d5900000,0x00000000d5900000,0x00000000d5980000)
 ParOldGen       total 182784K, used 182499K [0x0000000080000000, 0x000000008b280000, 0x00000000d5580000)
  object space 182784K, 99% used [0x0000000080000000,0x000000008b238f38,0x000000008b280000)
 Metaspace       used 83652K, committed 85312K, reserved 1179648K
  class space    used 8776K, committed 9472K, reserved 1048576K
}
Event: 918.221 GC heap before
{Heap before GC invocations=316 (full 4):
 PSYoungGen      total 2048K, used 1824K [0x00000000d5580000, 0x00000000d5980000, 0x0000000100000000)
  eden space 1536K, 100% used [0x00000000d5580000,0x00000000d5700000,0x00000000d5700000)
  from space 512K, 56% used [0x00000000d5880000,0x00000000d58c8000,0x00000000d5900000)
  to   space 512K, 0% used [0x00000000d5900000,0x00000000d5900000,0x00000000d5980000)
 ParOldGen       total 182784K, used 182499K [0x0000000080000000, 0x000000008b280000, 0x00000000d5580000)
  object space 182784K, 99% used [0x0000000080000000,0x000000008b238f38,0x000000008b280000)
 Metaspace       used 83652K, committed 85312K, reserved 1179648K
  class space    used 8776K, committed 9472K, reserved 1048576K
}
Event: 918.223 GC heap after
{Heap after GC invocations=316 (full 4):
 PSYoungGen      total 2048K, used 494K [0x00000000d5580000, 0x00000000d5980000, 0x0000000100000000)
  eden space 1536K, 0% used [0x00000000d5580000,0x00000000d5580000,0x00000000d5700000)
  from space 512K, 96% used [0x00000000d5900000,0x00000000d597bba0,0x00000000d5980000)
  to   space 1024K, 0% used [0x00000000d5780000,0x00000000d5780000,0x00000000d5880000)
 ParOldGen       total 182784K, used 182547K [0x0000000080000000, 0x000000008b280000, 0x00000000d5580000)
  object space 182784K, 99% used [0x0000000080000000,0x000000008b244f48,0x000000008b280000)
 Metaspace       used 83652K, committed 85312K, reserved 1179648K
  class space    used 8776K, committed 9472K, reserved 1048576K
}
Event: 918.232 GC heap before
{Heap before GC invocations=317 (full 4):
 PSYoungGen      total 2048K, used 2030K [0x00000000d5580000, 0x00000000d5980000, 0x0000000100000000)
  eden space 1536K, 100% used [0x00000000d5580000,0x00000000d5700000,0x00000000d5700000)
  from space 512K, 96% used [0x00000000d5900000,0x00000000d597bba0,0x00000000d5980000)
  to   space 1024K, 0% used [0x00000000d5780000,0x00000000d5780000,0x00000000d5880000)
 ParOldGen       total 182784K, used 182547K [0x0000000080000000, 0x000000008b280000, 0x00000000d5580000)
  object space 182784K, 99% used [0x0000000080000000,0x000000008b244f48,0x000000008b280000)
 Metaspace       used 83652K, committed 85312K, reserved 1179648K
  class space    used 8776K, committed 9472K, reserved 1048576K
}
Event: 918.236 GC heap after
{Heap after GC invocations=317 (full 4):
 PSYoungGen      total 2560K, used 1024K [0x00000000d5580000, 0x00000000d5c00000, 0x0000000100000000)
  eden space 1536K, 0% used [0x00000000d5580000,0x00000000d5580000,0x00000000d5700000)
  from space 1024K, 100% used [0x00000000d5780000,0x00000000d5880000,0x00000000d5880000)
  to   space 2560K, 0% used [0x00000000d5980000,0x00000000d5980000,0x00000000d5c00000)
 ParOldGen       total 183808K, used 183503K [0x0000000080000000, 0x000000008b380000, 0x00000000d5580000)
  object space 183808K, 99% used [0x0000000080000000,0x000000008b333f68,0x000000008b380000)
 Metaspace       used 83652K, committed 85312K, reserved 1179648K
  class space    used 8776K, committed 9472K, reserved 1048576K
}
Event: 918.244 GC heap before
{Heap before GC invocations=318 (full 4):
 PSYoungGen      total 2560K, used 2560K [0x00000000d5580000, 0x00000000d5c00000, 0x0000000100000000)
  eden space 1536K, 100% used [0x00000000d5580000,0x00000000d5700000,0x00000000d5700000)
  from space 1024K, 100% used [0x00000000d5780000,0x00000000d5880000,0x00000000d5880000)
  to   space 2560K, 0% used [0x00000000d5980000,0x00000000d5980000,0x00000000d5c00000)
 ParOldGen       total 183808K, used 183503K [0x0000000080000000, 0x000000008b380000, 0x00000000d5580000)
  object space 183808K, 99% used [0x0000000080000000,0x000000008b333f68,0x000000008b380000)
 Metaspace       used 83652K, committed 85312K, reserved 1179648K
  class space    used 8776K, committed 9472K, reserved 1048576K
}
Event: 918.250 GC heap after
{Heap after GC invocations=318 (full 4):
 PSYoungGen      total 4096K, used 1536K [0x00000000d5580000, 0x00000000d5b80000, 0x0000000100000000)
  eden space 2048K, 0% used [0x00000000d5580000,0x00000000d5580000,0x00000000d5780000)
  from space 2048K, 75% used [0x00000000d5980000,0x00000000d5b00000,0x00000000d5b80000)
  to   space 2048K, 0% used [0x00000000d5780000,0x00000000d5780000,0x00000000d5980000)
 ParOldGen       total 184832K, used 184543K [0x0000000080000000, 0x000000008b480000, 0x00000000d5580000)
  object space 184832K, 99% used [0x0000000080000000,0x000000008b437f68,0x000000008b480000)
 Metaspace       used 83652K, committed 85312K, reserved 1179648K
  class space    used 8776K, committed 9472K, reserved 1048576K
}
Event: 918.262 GC heap before
{Heap before GC invocations=319 (full 4):
 PSYoungGen      total 4096K, used 3584K [0x00000000d5580000, 0x00000000d5b80000, 0x0000000100000000)
  eden space 2048K, 100% used [0x00000000d5580000,0x00000000d5780000,0x00000000d5780000)
  from space 2048K, 75% used [0x00000000d5980000,0x00000000d5b00000,0x00000000d5b80000)
  to   space 2048K, 0% used [0x00000000d5780000,0x00000000d5780000,0x00000000d5980000)
 ParOldGen       total 184832K, used 184543K [0x0000000080000000, 0x000000008b480000, 0x00000000d5580000)
  object space 184832K, 99% used [0x0000000080000000,0x000000008b437f68,0x000000008b480000)
 Metaspace       used 83652K, committed 85312K, reserved 1179648K
  class space    used 8776K, committed 9472K, reserved 1048576K
}
Event: 918.269 GC heap after
{Heap after GC invocations=319 (full 4):
 PSYoungGen      total 4096K, used 1998K [0x00000000d5580000, 0x00000000d5d00000, 0x0000000100000000)
  eden space 2048K, 0% used [0x00000000d5580000,0x00000000d5580000,0x00000000d5780000)
  from space 2048K, 97% used [0x00000000d5780000,0x00000000d5973b90,0x00000000d5980000)
  to   space 2560K, 0% used [0x00000000d5a80000,0x00000000d5a80000,0x00000000d5d00000)
 ParOldGen       total 186368K, used 186055K [0x0000000080000000, 0x000000008b600000, 0x00000000d5580000)
  object space 186368K, 99% used [0x0000000080000000,0x000000008b5b1f68,0x000000008b600000)
 Metaspace       used 83652K, committed 85312K, reserved 1179648K
  class space    used 8776K, committed 9472K, reserved 1048576K
}
Event: 918.284 GC heap before
{Heap before GC invocations=320 (full 4):
 PSYoungGen      total 4096K, used 4046K [0x00000000d5580000, 0x00000000d5d00000, 0x0000000100000000)
  eden space 2048K, 100% used [0x00000000d5580000,0x00000000d5780000,0x00000000d5780000)
  from space 2048K, 97% used [0x00000000d5780000,0x00000000d5973b90,0x00000000d5980000)
  to   space 2560K, 0% used [0x00000000d5a80000,0x00000000d5a80000,0x00000000d5d00000)
 ParOldGen       total 186368K, used 186055K [0x0000000080000000, 0x000000008b600000, 0x00000000d5580000)
  object space 186368K, 99% used [0x0000000080000000,0x000000008b5b1f68,0x000000008b600000)
 Metaspace       used 83652K, committed 85312K, reserved 1179648K
  class space    used 8776K, committed 9472K, reserved 1048576K
}
Event: 918.292 GC heap after
{Heap after GC invocations=320 (full 4):
 PSYoungGen      total 4608K, used 2016K [0x00000000d5580000, 0x00000000d5c80000, 0x0000000100000000)
  eden space 2560K, 0% used [0x00000000d5580000,0x00000000d5580000,0x00000000d5800000)
  from space 2048K, 98% used [0x00000000d5a80000,0x00000000d5c78000,0x00000000d5c80000)
  to   space 2048K, 0% used [0x00000000d5880000,0x00000000d5880000,0x00000000d5a80000)
 ParOldGen       total 188416K, used 188014K [0x0000000080000000, 0x000000008b800000, 0x00000000d5580000)
  object space 188416K, 99% used [0x0000000080000000,0x000000008b79baf8,0x000000008b800000)
 Metaspace       used 83652K, committed 85312K, reserved 1179648K
  class space    used 8776K, committed 9472K, reserved 1048576K
}
Event: 918.309 GC heap before
{Heap before GC invocations=321 (full 4):
 PSYoungGen      total 4608K, used 4576K [0x00000000d5580000, 0x00000000d5c80000, 0x0000000100000000)
  eden space 2560K, 100% used [0x00000000d5580000,0x00000000d5800000,0x00000000d5800000)
  from space 2048K, 98% used [0x00000000d5a80000,0x00000000d5c78000,0x00000000d5c80000)
  to   space 2048K, 0% used [0x00000000d5880000,0x00000000d5880000,0x00000000d5a80000)
 ParOldGen       total 188416K, used 188014K [0x0000000080000000, 0x000000008b800000, 0x00000000d5580000)
  object space 188416K, 99% used [0x0000000080000000,0x000000008b79baf8,0x000000008b800000)
 Metaspace       used 83652K, committed 85312K, reserved 1179648K
  class space    used 8776K, committed 9472K, reserved 1048576K
}
Event: 918.317 GC heap after
{Heap after GC invocations=321 (full 4):
 PSYoungGen      total 5120K, used 2030K [0x00000000d5580000, 0x00000000d6180000, 0x0000000100000000)
  eden space 3072K, 0% used [0x00000000d5580000,0x00000000d5580000,0x00000000d5880000)
  from space 2048K, 99% used [0x00000000d5880000,0x00000000d5a7bbb0,0x00000000d5a80000)
  to   space 4608K, 0% used [0x00000000d5d00000,0x00000000d5d00000,0x00000000d6180000)
 ParOldGen       total 190464K, used 190038K [0x0000000080000000, 0x000000008ba00000, 0x00000000d5580000)
  object space 190464K, 99% used [0x0000000080000000,0x000000008b995af8,0x000000008ba00000)
 Metaspace       used 83652K, committed 85312K, reserved 1179648K
  class space    used 8776K, committed 9472K, reserved 1048576K
}
Event: 918.333 GC heap before
{Heap before GC invocations=322 (full 4):
 PSYoungGen      total 5120K, used 5102K [0x00000000d5580000, 0x00000000d6180000, 0x0000000100000000)
  eden space 3072K, 100% used [0x00000000d5580000,0x00000000d5880000,0x00000000d5880000)
  from space 2048K, 99% used [0x00000000d5880000,0x00000000d5a7bbb0,0x00000000d5a80000)
  to   space 4608K, 0% used [0x00000000d5d00000,0x00000000d5d00000,0x00000000d6180000)
 ParOldGen       total 190464K, used 190038K [0x0000000080000000, 0x000000008ba00000, 0x00000000d5580000)
  object space 190464K, 99% used [0x0000000080000000,0x000000008b995af8,0x000000008ba00000)
 Metaspace       used 83652K, committed 85312K, reserved 1179648K
  class space    used 8776K, committed 9472K, reserved 1048576K
}
Event: 918.337 GC heap after
{Heap after GC invocations=322 (full 4):
 PSYoungGen      total 5632K, used 1294K [0x00000000d5580000, 0x00000000d5e80000, 0x0000000100000000)
  eden space 4096K, 0% used [0x00000000d5580000,0x00000000d5580000,0x00000000d5980000)
  from space 1536K, 84% used [0x00000000d5d00000,0x00000000d5e43b90,0x00000000d5e80000)
  to   space 2560K, 0% used [0x00000000d5980000,0x00000000d5980000,0x00000000d5c00000)
 ParOldGen       total 190464K, used 190163K [0x0000000080000000, 0x000000008ba00000, 0x00000000d5580000)
  object space 190464K, 99% used [0x0000000080000000,0x000000008b9b4f98,0x000000008ba00000)
 Metaspace       used 83652K, committed 85312K, reserved 1179648K
  class space    used 8776K, committed 9472K, reserved 1048576K
}

